Using pre-set license
Built from '2022.3/staging' branch; Version is '2022.3.10f1 (ff3792e53c62) revision 16725906'; Using compiler version '192829333'; Build Type 'Release'
OS: 'Windows 11  (10.0.22621) 64bit Professional' Language: 'ru' Physical Memory: 14188 MB
BatchMode: 1, IsHumanControllingUs: 0, StartBugReporterOnCrash: 0, Is64bit: 1, IsPro: 1

COMMAND LINE ARGUMENTS:
D:\Unity Editor\2022.3.10f1\Editor\Unity.exe
-adb2
-batchMode
-noUpm
-name
AssetImportWorker3
-projectPath
D:/GitHub/ShreksSwampMaze/ShrekMaze3D
-logFile
Logs/AssetImportWorker3.log
-srvPort
62856
Successfully changed project path to: D:/GitHub/ShreksSwampMaze/ShrekMaze3D
D:/GitHub/ShreksSwampMaze/ShrekMaze3D
[UnityMemory] Configuration Parameters - Can be set up in boot.config
    "memorysetup-bucket-allocator-granularity=16"
    "memorysetup-bucket-allocator-bucket-count=8"
    "memorysetup-bucket-allocator-block-size=33554432"
    "memorysetup-bucket-allocator-block-count=8"
    "memorysetup-main-allocator-block-size=16777216"
    "memorysetup-thread-allocator-block-size=16777216"
    "memorysetup-gfx-main-allocator-block-size=16777216"
    "memorysetup-gfx-thread-allocator-block-size=16777216"
    "memorysetup-cache-allocator-block-size=4194304"
    "memorysetup-typetree-allocator-block-size=2097152"
    "memorysetup-profiler-bucket-allocator-granularity=16"
    "memorysetup-profiler-bucket-allocator-bucket-count=8"
    "memorysetup-profiler-bucket-allocator-block-size=33554432"
    "memorysetup-profiler-bucket-allocator-block-count=8"
    "memorysetup-profiler-allocator-block-size=16777216"
    "memorysetup-profiler-editor-allocator-block-size=1048576"
    "memorysetup-temp-allocator-size-main=16777216"
    "memorysetup-job-temp-allocator-block-size=2097152"
    "memorysetup-job-temp-allocator-block-size-background=1048576"
    "memorysetup-job-temp-allocator-reduction-small-platforms=262144"
    "memorysetup-allocator-temp-initial-block-size-main=262144"
    "memorysetup-allocator-temp-initial-block-size-worker=262144"
    "memorysetup-temp-allocator-size-background-worker=32768"
    "memorysetup-temp-allocator-size-job-worker=262144"
    "memorysetup-temp-allocator-size-preload-manager=33554432"
    "memorysetup-temp-allocator-size-nav-mesh-worker=65536"
    "memorysetup-temp-allocator-size-audio-worker=65536"
    "memorysetup-temp-allocator-size-cloud-worker=32768"
    "memorysetup-temp-allocator-size-gi-baking-worker=262144"
    "memorysetup-temp-allocator-size-gfx=262144"
Player connection [15144] Host "[IP] 192.168.100.2 [Port] 0 [Flags] 2 [Guid] 4136073481 [EditorId] 4136073481 [Version] 1048832 [Id] WindowsEditor(7,LeMa) [Debug] 1 [PackageName] WindowsEditor [ProjectName] Editor" joined multi-casting on [225.0.0.222:54997]...

Player connection [15144] Host "[IP] 192.168.100.2 [Port] 0 [Flags] 2 [Guid] 4136073481 [EditorId] 4136073481 [Version] 1048832 [Id] WindowsEditor(7,LeMa) [Debug] 1 [PackageName] WindowsEditor [ProjectName] Editor" joined alternative multi-casting on [225.0.0.222:34997]...

[Physics::Module] Initialized MultithreadedJobDispatcher with 15 workers.
Refreshing native plugins compatible for Editor in 4.75 ms, found 3 plugins.
Preloading 0 native plugins for Editor in 0.00 ms.
Initialize engine version: 2022.3.10f1 (ff3792e53c62)
[Subsystems] Discovering subsystems at path D:/Unity Editor/2022.3.10f1/Editor/Data/Resources/UnitySubsystems
[Subsystems] Discovering subsystems at path D:/GitHub/ShreksSwampMaze/ShrekMaze3D/Assets
GfxDevice: creating device client; threaded=0; jobified=0
Direct3D:
    Version:  Direct3D 11.0 [level 11.1]
    Renderer: NVIDIA GeForce RTX 3050 Ti Laptop GPU (ID=0x25a0)
    Vendor:   NVIDIA
    VRAM:     3978 MB
    Driver:   31.0.15.3197
Initialize mono
Mono path[0] = 'D:/Unity Editor/2022.3.10f1/Editor/Data/Managed'
Mono path[1] = 'D:/Unity Editor/2022.3.10f1/Editor/Data/MonoBleedingEdge/lib/mono/unityjit-win32'
Mono config path = 'D:/Unity Editor/2022.3.10f1/Editor/Data/MonoBleedingEdge/etc'
Using monoOptions --debugger-agent=transport=dt_socket,embedding=1,server=y,suspend=n,address=127.0.0.1:56980
Begin MonoManager ReloadAssembly
Registering precompiled unity dll's ...
Register platform support module: D:/Unity Editor/2022.3.10f1/Editor/Data/PlaybackEngines/AndroidPlayer/UnityEditor.Android.Extensions.dll
Register platform support module: D:/Unity Editor/2022.3.10f1/Editor/Data/PlaybackEngines/iOSSupport/UnityEditor.iOS.Extensions.dll
Register platform support module: D:/Unity Editor/2022.3.10f1/Editor/Data/PlaybackEngines/WindowsStandaloneSupport/UnityEditor.WindowsStandalone.Extensions.dll
Registered in 0.005753 seconds.
- Loaded All Assemblies, in  0.415 seconds
Native extension for WindowsStandalone target not found
[usbmuxd] Start listen thread
[usbmuxd] Listen thread started
Native extension for iOS target not found
Native extension for Android target not found
Android Extension - Scanning For ADB Devices 284 ms
Mono: successfully reloaded assembly
- Finished resetting the current domain, in  0.650 seconds
Domain Reload Profiling: 1065ms
	BeginReloadAssembly (126ms)
		ExecutionOrderSort (0ms)
		DisableScriptedObjects (0ms)
		BackupInstance (0ms)
		ReleaseScriptingObjects (0ms)
		CreateAndSetChildDomain (1ms)
	RebuildCommonClasses (38ms)
	RebuildNativeTypeToScriptingClass (14ms)
	initialDomainReloadingComplete (57ms)
	LoadAllAssembliesAndSetupDomain (179ms)
		LoadAssemblies (125ms)
		RebuildTransferFunctionScriptingTraits (0ms)
		AnalyzeDomain (177ms)
			TypeCache.Refresh (175ms)
				TypeCache.ScanAssembly (161ms)
			ScanForSourceGeneratedMonoScriptInfo (0ms)
			ResolveRequiredComponents (0ms)
	FinalizeReload (650ms)
		ReleaseScriptCaches (0ms)
		RebuildScriptCaches (0ms)
		SetupLoadedEditorAssemblies (588ms)
			LogAssemblyErrors (0ms)
			InitializePlatformSupportModulesInManaged (410ms)
			SetLoadedEditorAssemblies (4ms)
			RefreshPlugins (0ms)
			BeforeProcessingInitializeOnLoad (2ms)
			ProcessInitializeOnLoadAttributes (119ms)
			ProcessInitializeOnLoadMethodAttributes (52ms)
			AfterProcessingInitializeOnLoad (0ms)
			EditorAssembliesLoaded (0ms)
		ExecutionOrderSort2 (0ms)
		AwakeInstancesAfterBackupRestoration (0ms)
========================================================================
Worker process is ready to serve import requests
Begin MonoManager ReloadAssembly
- Loaded All Assemblies, in  0.692 seconds
Refreshing native plugins compatible for Editor in 1.63 ms, found 3 plugins.
Native extension for WindowsStandalone target not found
Native extension for iOS target not found
Native extension for Android target not found
Package Manager log level set to [2]
[Package Manager] Server::EnsureServerProcessIsRunning -- launch failed, reason: Unity was launched with the -noUpm command-line argument
[Package Manager] UpmClient::Send -- Unable to send message (not connected to UPM process).
[Package Manager] Cannot connect to Unity Package Manager local server
Mono: successfully reloaded assembly
- Finished resetting the current domain, in  0.589 seconds
Domain Reload Profiling: 1282ms
	BeginReloadAssembly (194ms)
		ExecutionOrderSort (0ms)
		DisableScriptedObjects (9ms)
		BackupInstance (0ms)
		ReleaseScriptingObjects (0ms)
		CreateAndSetChildDomain (34ms)
	RebuildCommonClasses (33ms)
	RebuildNativeTypeToScriptingClass (12ms)
	initialDomainReloadingComplete (52ms)
	LoadAllAssembliesAndSetupDomain (401ms)
		LoadAssemblies (301ms)
		RebuildTransferFunctionScriptingTraits (0ms)
		AnalyzeDomain (206ms)
			TypeCache.Refresh (181ms)
				TypeCache.ScanAssembly (160ms)
			ScanForSourceGeneratedMonoScriptInfo (18ms)
			ResolveRequiredComponents (5ms)
	FinalizeReload (590ms)
		ReleaseScriptCaches (0ms)
		RebuildScriptCaches (0ms)
		SetupLoadedEditorAssemblies (417ms)
			LogAssemblyErrors (0ms)
			InitializePlatformSupportModulesInManaged (32ms)
			SetLoadedEditorAssemblies (4ms)
			RefreshPlugins (0ms)
			BeforeProcessingInitializeOnLoad (59ms)
			ProcessInitializeOnLoadAttributes (299ms)
			ProcessInitializeOnLoadMethodAttributes (20ms)
			AfterProcessingInitializeOnLoad (3ms)
			EditorAssembliesLoaded (0ms)
		ExecutionOrderSort2 (0ms)
		AwakeInstancesAfterBackupRestoration (8ms)
Launched and connected shader compiler UnityShaderCompiler.exe after 0.05 seconds
Refreshing native plugins compatible for Editor in 2.72 ms, found 3 plugins.
Preloading 0 native plugins for Editor in 0.00 ms.
Unloading 3184 Unused Serialized files (Serialized files now loaded: 0)
Unloading 31 unused Assets / (56.6 KB). Loaded Objects now: 3665.
Memory consumption went from 136.6 MB to 136.6 MB.
Total: 3.426800 ms (FindLiveObjects: 0.269300 ms CreateObjectMapping: 0.118200 ms MarkObjects: 2.928900 ms  DeleteObjects: 0.109500 ms)

AssetImportParameters requested are different than current active one (requested -> active):
  custom:container-demuxer-ogg: 62fdf1f143b41e24485cea50d1cbac27 -> 
  custom:video-codec-MediaFoundation-h265: 746d11721c4dcdbdad8f713fa42b33f4 -> 
  custom:video-decoder-ogg-theora: a1e56fd34408186e4bbccfd4996cb3dc -> 
  custom:framework-win-MediaFoundation: 216162199b28c13a410421893ffa2e32 -> 
  custom:CustomObjectIndexerAttribute: 756ad292c208cfabdd7b50bc23989ffe -> 
  custom:container-demuxer-webm: 4f35f7cbe854078d1ac9338744f61a02 -> 
  custom:container-muxer-webm: aa71ff27fc2769a1b78a27578f13a17b -> 
  custom:video-decoder-webm-vp8: 9c59270c3fd7afecdb556c50c9e8de78 -> 
  custom:SearchIndexIgnoredProperties: e643bd26f0fe6173181afceb89e7c659 -> 
  custom:AudioImporter_EditorPlatform: d09bf68614088b80899f8185d706f6e7 -> 
  custom:video-encoder-webm-vp8: eb34c28f22e8b96e1ab97ce403110664 -> 
  custom:audio-decoder-ogg-vorbis: bf7c407c2cedff20999df2af8eb42d56 -> 
  custom:audio-encoder-webm-vorbis: bf7c407c2cedff20999df2af8eb42d56 -> 
========================================================================
Received Import Request.
  Time since last request: 438643.235973 seconds.
  path: Assets/ShrekMaze/Fantasy Forest Environment Free Sample/Textures/bark01_bottom.tga
  artifactKey: Guid(4e44992d8a199a546aeaaa6ebc63b91a) Importer(815301076,1909f56bfc062723c751e8b465ee728b)
Start importing Assets/ShrekMaze/Fantasy Forest Environment Free Sample/Textures/bark01_bottom.tga using Guid(4e44992d8a199a546aeaaa6ebc63b91a) Importer(815301076,1909f56bfc062723c751e8b465ee728b)  -> (artifact id: '9d35f9c106bcedab95c8b5239c022532') in 0.111499 seconds
Number of updated asset objects reloaded before import = 0
Number of asset objects unloaded after import = 2
========================================================================
Received Import Request.
  Time since last request: 0.000017 seconds.
  path: Assets/ShrekMaze/Sprites/GameOver/OU.png
  artifactKey: Guid(32943b9423a076843bd5eb40c6718565) Importer(815301076,1909f56bfc062723c751e8b465ee728b)
Start importing Assets/ShrekMaze/Sprites/GameOver/OU.png using Guid(32943b9423a076843bd5eb40c6718565) Importer(815301076,1909f56bfc062723c751e8b465ee728b)  -> (artifact id: '3c55e7703c1f1de794b77c9850b2d946') in 0.016518 seconds
Number of updated asset objects reloaded before import = 0
Number of asset objects unloaded after import = 2
========================================================================
Received Import Request.
  Time since last request: 0.000021 seconds.
  path: Assets/ShrekMaze/Sprites/Table.png
  artifactKey: Guid(c0ee71ef99f5cbb45a4fcee3dac151a7) Importer(815301076,1909f56bfc062723c751e8b465ee728b)
Start importing Assets/ShrekMaze/Sprites/Table.png using Guid(c0ee71ef99f5cbb45a4fcee3dac151a7) Importer(815301076,1909f56bfc062723c751e8b465ee728b)  -> (artifact id: 'a573f2d1336137cf784c83e4d76cce4a') in 0.047925 seconds
Number of updated asset objects reloaded before import = 0
Number of asset objects unloaded after import = 3
========================================================================
Received Import Request.
  Time since last request: 0.000030 seconds.
  path: Assets/ShrekMaze/TextMesh Pro/Resources/Fonts & Materials/LiberationSans SDF - Fallback.asset
  artifactKey: Guid(2e498d1c8094910479dc3e1b768306a4) Importer(815301076,1909f56bfc062723c751e8b465ee728b)
Start importing Assets/ShrekMaze/TextMesh Pro/Resources/Fonts & Materials/LiberationSans SDF - Fallback.asset using Guid(2e498d1c8094910479dc3e1b768306a4) Importer(815301076,1909f56bfc062723c751e8b465ee728b)  -> (artifact id: 'fad761400ba0fcef668da4399ca3f185') in 0.068581 seconds
Number of updated asset objects reloaded before import = 0
Number of asset objects unloaded after import = 6
========================================================================
Received Import Request.
  Time since last request: 0.000050 seconds.
  path: Assets/ShrekMaze/TextMesh Pro/Examples & Extras/Fonts/Bangers.ttf
  artifactKey: Guid(5dd49b3eacc540408c98eee0de38e0f1) Importer(815301076,1909f56bfc062723c751e8b465ee728b)
Start importing Assets/ShrekMaze/TextMesh Pro/Examples & Extras/Fonts/Bangers.ttf using Guid(5dd49b3eacc540408c98eee0de38e0f1) Importer(815301076,1909f56bfc062723c751e8b465ee728b)  -> (artifact id: '878869d0b4a4293b898f7fbb9189ca37') in 0.014727 seconds
Number of updated asset objects reloaded before import = 0
Number of asset objects unloaded after import = 4
========================================================================
Received Import Request.
  Time since last request: 0.000018 seconds.
  path: Assets/ShrekMaze/Models/Bonus/Textures/lambert1_albedo.jpeg
  artifactKey: Guid(5a95be83a11dc644497f615cff155004) Importer(815301076,1909f56bfc062723c751e8b465ee728b)
Start importing Assets/ShrekMaze/Models/Bonus/Textures/lambert1_albedo.jpeg using Guid(5a95be83a11dc644497f615cff155004) Importer(815301076,1909f56bfc062723c751e8b465ee728b)  -> (artifact id: 'abc279dec02f80b7030936deaffd2fff') in 0.023294 seconds
Number of updated asset objects reloaded before import = 0
Number of asset objects unloaded after import = 2
========================================================================
Received Import Request.
  Time since last request: 0.000021 seconds.
  path: Assets/ShrekMaze/Sprites/Enemy.png
  artifactKey: Guid(39ac1e78f68b6634aba74577c8bd7450) Importer(815301076,1909f56bfc062723c751e8b465ee728b)
Start importing Assets/ShrekMaze/Sprites/Enemy.png using Guid(39ac1e78f68b6634aba74577c8bd7450) Importer(815301076,1909f56bfc062723c751e8b465ee728b)  -> (artifact id: '471e247e698addd0565c06e1e2d11a18') in 0.015192 seconds
Number of updated asset objects reloaded before import = 0
Number of asset objects unloaded after import = 2
========================================================================
Received Import Request.
  Time since last request: 0.000020 seconds.
  path: Assets/ShrekMaze/TextMesh Pro/Examples & Extras/Fonts/Anton.ttf
  artifactKey: Guid(997a43b767814dd0a7642ec9b78cba41) Importer(815301076,1909f56bfc062723c751e8b465ee728b)
Start importing Assets/ShrekMaze/TextMesh Pro/Examples & Extras/Fonts/Anton.ttf using Guid(997a43b767814dd0a7642ec9b78cba41) Importer(815301076,1909f56bfc062723c751e8b465ee728b)  -> (artifact id: 'e9f14033b84d77025a5fbc24bc4dbf86') in 0.010329 seconds
Number of updated asset objects reloaded before import = 0
Number of asset objects unloaded after import = 4
========================================================================
Received Import Request.
  Time since last request: 0.000015 seconds.
  path: Assets/ShrekMaze/TextMesh Pro/Examples & Extras/Sprites/Default Sprites.png
  artifactKey: Guid(a0fc465d6cf04254a2938578735e2383) Importer(815301076,1909f56bfc062723c751e8b465ee728b)
Start importing Assets/ShrekMaze/TextMesh Pro/Examples & Extras/Sprites/Default Sprites.png using Guid(a0fc465d6cf04254a2938578735e2383) Importer(815301076,1909f56bfc062723c751e8b465ee728b)  -> (artifact id: 'bac81f97756f5f81c0edf57c97d1747b') in 0.017236 seconds
Number of updated asset objects reloaded before import = 0
Number of asset objects unloaded after import = 2
========================================================================
Received Import Request.
  Time since last request: 0.000016 seconds.
  path: Assets/ShrekMaze/Models/Prefabs/Toilet/textures/lambert1_albedo.jpg
  artifactKey: Guid(94c3bc14a0b5a7a4fad5a98e7d76f5c5) Importer(815301076,1909f56bfc062723c751e8b465ee728b)
Start importing Assets/ShrekMaze/Models/Prefabs/Toilet/textures/lambert1_albedo.jpg using Guid(94c3bc14a0b5a7a4fad5a98e7d76f5c5) Importer(815301076,1909f56bfc062723c751e8b465ee728b)  -> (artifact id: '0afcc6309f5971ead6553b4afcd9cf2b') in 0.017329 seconds
Number of updated asset objects reloaded before import = 0
Number of asset objects unloaded after import = 2
========================================================================
Received Import Request.
  Time since last request: 0.000017 seconds.
  path: Assets/ShrekMaze/Models/Character/Textures/shrekhead.jpeg
  artifactKey: Guid(d65d3fbba97135047ab47c147a142995) Importer(815301076,1909f56bfc062723c751e8b465ee728b)
Start importing Assets/ShrekMaze/Models/Character/Textures/shrekhead.jpeg using Guid(d65d3fbba97135047ab47c147a142995) Importer(815301076,1909f56bfc062723c751e8b465ee728b)  -> (artifact id: '8e9132f2a84b929ce98903e3660e4338') in 0.015359 seconds
Number of updated asset objects reloaded before import = 0
Number of asset objects unloaded after import = 2
========================================================================
Received Import Request.
  Time since last request: 0.000021 seconds.
  path: Assets/ShrekMaze/Models/Character/Textures/shrekbodyN.png
  artifactKey: Guid(8f0ddc1343f5636408566ae7e1d283e7) Importer(815301076,1909f56bfc062723c751e8b465ee728b)
Start importing Assets/ShrekMaze/Models/Character/Textures/shrekbodyN.png using Guid(8f0ddc1343f5636408566ae7e1d283e7) Importer(815301076,1909f56bfc062723c751e8b465ee728b)  -> (artifact id: 'd670bad93eaa8994b7046f9a90b7e71d') in 0.017434 seconds
Number of updated asset objects reloaded before import = 0
Number of asset objects unloaded after import = 2
========================================================================
Received Import Request.
  Time since last request: 2.923890 seconds.
  path: Assets/ShrekMaze/Sprites/Backgrounds/Winner.png
  artifactKey: Guid(b1f9335b4ba71cd468815b18ed549eff) Importer(815301076,1909f56bfc062723c751e8b465ee728b)
Start importing Assets/ShrekMaze/Sprites/Backgrounds/Winner.png using Guid(b1f9335b4ba71cd468815b18ed549eff) Importer(815301076,1909f56bfc062723c751e8b465ee728b)  -> (artifact id: '8a9ec89215888912b688b76e9910a23c') in 0.024308 seconds
Number of updated asset objects reloaded before import = 0
Number of asset objects unloaded after import = 2
========================================================================
Received Import Request.
  Time since last request: 0.000034 seconds.
  path: Assets/ShrekMaze/Sprites/Р‘РµР·С‹РјСЏРЅРЅС‹Р№-1.png
  artifactKey: Guid(e1c20a0ce3d73494fa25d75a7f0aa578) Importer(815301076,1909f56bfc062723c751e8b465ee728b)
Start importing Assets/ShrekMaze/Sprites/Р‘РµР·С‹РјСЏРЅРЅС‹Р№-1.png using Guid(e1c20a0ce3d73494fa25d75a7f0aa578) Importer(815301076,1909f56bfc062723c751e8b465ee728b)  -> (artifact id: 'd0588fd7152dffa7823155a7ea4ec98b') in 0.014740 seconds
Number of updated asset objects reloaded before import = 0
Number of asset objects unloaded after import = 2
Editor requested this worker to shutdown with reason: Scaling down because of idle timeout
TcpMessagingSession - receive error: operation aborted. errorcode: 995, details: Операция ввода/вывода была прервана из-за завершения потока команд или по запросу приложения.
AssetImportWorker is now disconnected from the server
Process exiting
Exiting without the bug reporter. Application will terminate with return code 0